This is pdfTeX, Version 3.14159265-2.6-1.40.16 (TeX Live 2015/Debian) (preloaded format=pdflatex 2016.11.26)  3 FEB 2017 12:47
entering extended mode
 restricted \write18 enabled.
 %&-line parsing enabled.
**PPD.tex
(./PPD.tex
LaTeX2e <2016/02/01>
Babel <3.9q> and hyphenation patterns for 81 language(s) loaded.
(/usr/share/texlive/texmf-dist/tex/latex/base/article.cls
Document Class: article 2014/09/29 v1.4h Standard LaTeX document class
(/usr/share/texlive/texmf-dist/tex/latex/base/size10.clo
File: size10.clo 2014/09/29 v1.4h Standard LaTeX file (size option)
)
\c@part=\count79
\c@section=\count80
\c@subsection=\count81
\c@subsubsection=\count82
\c@paragraph=\count83
\c@subparagraph=\count84
\c@figure=\count85
\c@table=\count86
\abovecaptionskip=\skip41
\belowcaptionskip=\skip42
\bibindent=\dimen102
) (./cmd.tex)
(/usr/share/texlive/texmf-dist/tex/latex/base/textcomp.sty
Package: textcomp 2005/09/27 v1.99g Standard LaTeX package
Package textcomp Info: Sub-encoding information:
(textcomp)               5 = only ISO-Adobe without \textcurrency
(textcomp)               4 = 5 + \texteuro
(textcomp)               3 = 4 + \textohm
(textcomp)               2 = 3 + \textestimated + \textcurrency
(textcomp)               1 = TS1 - \textcircled - \t
(textcomp)               0 = TS1 (full)
(textcomp)             Font families with sub-encoding setting implement
(textcomp)             only a restricted character set as indicated.
(textcomp)             Family '?' is the default used for unknown fonts.
(textcomp)             See the documentation for details.
Package textcomp Info: Setting ? sub-encoding to TS1/1 on input line 79.

(/usr/share/texlive/texmf-dist/tex/latex/base/ts1enc.def
File: ts1enc.def 2001/06/05 v3.0e (jk/car/fm) Standard LaTeX file
)
LaTeX Info: Redefining \oldstylenums on input line 334.
Package textcomp Info: Setting cmr sub-encoding to TS1/0 on input line 349.
Package textcomp Info: Setting cmss sub-encoding to TS1/0 on input line 350.
Package textcomp Info: Setting cmtt sub-encoding to TS1/0 on input line 351.
Package textcomp Info: Setting cmvtt sub-encoding to TS1/0 on input line 352.
Package textcomp Info: Setting cmbr sub-encoding to TS1/0 on input line 353.
Package textcomp Info: Setting cmtl sub-encoding to TS1/0 on input line 354.
Package textcomp Info: Setting ccr sub-encoding to TS1/0 on input line 355.
Package textcomp Info: Setting ptm sub-encoding to TS1/4 on input line 356.
Package textcomp Info: Setting pcr sub-encoding to TS1/4 on input line 357.
Package textcomp Info: Setting phv sub-encoding to TS1/4 on input line 358.
Package textcomp Info: Setting ppl sub-encoding to TS1/3 on input line 359.
Package textcomp Info: Setting pag sub-encoding to TS1/4 on input line 360.
Package textcomp Info: Setting pbk sub-encoding to TS1/4 on input line 361.
Package textcomp Info: Setting pnc sub-encoding to TS1/4 on input line 362.
Package textcomp Info: Setting pzc sub-encoding to TS1/4 on input line 363.
Package textcomp Info: Setting bch sub-encoding to TS1/4 on input line 364.
Package textcomp Info: Setting put sub-encoding to TS1/5 on input line 365.
Package textcomp Info: Setting uag sub-encoding to TS1/5 on input line 366.
Package textcomp Info: Setting ugq sub-encoding to TS1/5 on input line 367.
Package textcomp Info: Setting ul8 sub-encoding to TS1/4 on input line 368.
Package textcomp Info: Setting ul9 sub-encoding to TS1/4 on input line 369.
Package textcomp Info: Setting augie sub-encoding to TS1/5 on input line 370.
Package textcomp Info: Setting dayrom sub-encoding to TS1/3 on input line 371.
Package textcomp Info: Setting dayroms sub-encoding to TS1/3 on input line 372.

Package textcomp Info: Setting pxr sub-encoding to TS1/0 on input line 373.
Package textcomp Info: Setting pxss sub-encoding to TS1/0 on input line 374.
Package textcomp Info: Setting pxtt sub-encoding to TS1/0 on input line 375.
Package textcomp Info: Setting txr sub-encoding to TS1/0 on input line 376.
Package textcomp Info: Setting txss sub-encoding to TS1/0 on input line 377.
Package textcomp Info: Setting txtt sub-encoding to TS1/0 on input line 378.
Package textcomp Info: Setting lmr sub-encoding to TS1/0 on input line 379.
Package textcomp Info: Setting lmdh sub-encoding to TS1/0 on input line 380.
Package textcomp Info: Setting lmss sub-encoding to TS1/0 on input line 381.
Package textcomp Info: Setting lmssq sub-encoding to TS1/0 on input line 382.
Package textcomp Info: Setting lmvtt sub-encoding to TS1/0 on input line 383.
Package textcomp Info: Setting lmtt sub-encoding to TS1/0 on input line 384.
Package textcomp Info: Setting qhv sub-encoding to TS1/0 on input line 385.
Package textcomp Info: Setting qag sub-encoding to TS1/0 on input line 386.
Package textcomp Info: Setting qbk sub-encoding to TS1/0 on input line 387.
Package textcomp Info: Setting qcr sub-encoding to TS1/0 on input line 388.
Package textcomp Info: Setting qcs sub-encoding to TS1/0 on input line 389.
Package textcomp Info: Setting qpl sub-encoding to TS1/0 on input line 390.
Package textcomp Info: Setting qtm sub-encoding to TS1/0 on input line 391.
Package textcomp Info: Setting qzc sub-encoding to TS1/0 on input line 392.
Package textcomp Info: Setting qhvc sub-encoding to TS1/0 on input line 393.
Package textcomp Info: Setting futs sub-encoding to TS1/4 on input line 394.
Package textcomp Info: Setting futx sub-encoding to TS1/4 on input line 395.
Package textcomp Info: Setting futj sub-encoding to TS1/4 on input line 396.
Package textcomp Info: Setting hlh sub-encoding to TS1/3 on input line 397.
Package textcomp Info: Setting hls sub-encoding to TS1/3 on input line 398.
Package textcomp Info: Setting hlst sub-encoding to TS1/3 on input line 399.
Package textcomp Info: Setting hlct sub-encoding to TS1/5 on input line 400.
Package textcomp Info: Setting hlx sub-encoding to TS1/5 on input line 401.
Package textcomp Info: Setting hlce sub-encoding to TS1/5 on input line 402.
Package textcomp Info: Setting hlcn sub-encoding to TS1/5 on input line 403.
Package textcomp Info: Setting hlcw sub-encoding to TS1/5 on input line 404.
Package textcomp Info: Setting hlcf sub-encoding to TS1/5 on input line 405.
Package textcomp Info: Setting pplx sub-encoding to TS1/3 on input line 406.
Package textcomp Info: Setting pplj sub-encoding to TS1/3 on input line 407.
Package textcomp Info: Setting ptmx sub-encoding to TS1/4 on input line 408.
Package textcomp Info: Setting ptmj sub-encoding to TS1/4 on input line 409.
)
(/usr/share/texlive/texmf-dist/tex/latex/graphics/graphicx.sty
Package: graphicx 2014/10/28 v1.0g Enhanced LaTeX Graphics (DPC,SPQR)

(/usr/share/texlive/texmf-dist/tex/latex/graphics/keyval.sty
Package: keyval 2014/10/28 v1.15 key=value parser (DPC)
\KV@toks@=\toks14
)
(/usr/share/texlive/texmf-dist/tex/latex/graphics/graphics.sty
Package: graphics 2016/01/03 v1.0q Standard LaTeX Graphics (DPC,SPQR)

(/usr/share/texlive/texmf-dist/tex/latex/graphics/trig.sty
Package: trig 2016/01/03 v1.10 sin cos tan (DPC)
)
(/usr/share/texlive/texmf-dist/tex/latex/latexconfig/graphics.cfg
File: graphics.cfg 2010/04/23 v1.9 graphics configuration of TeX Live
)
Package graphics Info: Driver file: pdftex.def on input line 95.

(/usr/share/texlive/texmf-dist/tex/latex/pdftex-def/pdftex.def
File: pdftex.def 2011/05/27 v0.06d Graphics/color for pdfTeX

(/usr/share/texlive/texmf-dist/tex/generic/oberdiek/infwarerr.sty
Package: infwarerr 2010/04/08 v1.3 Providing info/warning/error messages (HO)
)
(/usr/share/texlive/texmf-dist/tex/generic/oberdiek/ltxcmds.sty
Package: ltxcmds 2011/11/09 v1.22 LaTeX kernel commands for general use (HO)
)
\Gread@gobject=\count87
))
\Gin@req@height=\dimen103
\Gin@req@width=\dimen104
)
(/usr/share/texlive/texmf-dist/tex/latex/hyperref/hyperref.sty
Package: hyperref 2012/11/06 v6.83m Hypertext links for LaTeX

(/usr/share/texlive/texmf-dist/tex/generic/oberdiek/hobsub-hyperref.sty
Package: hobsub-hyperref 2012/05/28 v1.13 Bundle oberdiek, subset hyperref (HO)


(/usr/share/texlive/texmf-dist/tex/generic/oberdiek/hobsub-generic.sty
Package: hobsub-generic 2012/05/28 v1.13 Bundle oberdiek, subset generic (HO)
Package: hobsub 2012/05/28 v1.13 Construct package bundles (HO)
Package hobsub Info: Skipping package `infwarerr' (already loaded).
Package hobsub Info: Skipping package `ltxcmds' (already loaded).
Package: ifluatex 2010/03/01 v1.3 Provides the ifluatex switch (HO)
Package ifluatex Info: LuaTeX not detected.
Package: ifvtex 2010/03/01 v1.5 Detect VTeX and its facilities (HO)
Package ifvtex Info: VTeX not detected.
Package: intcalc 2007/09/27 v1.1 Expandable calculations with integers (HO)
Package: ifpdf 2011/01/30 v2.3 Provides the ifpdf switch (HO)
Package ifpdf Info: pdfTeX in PDF mode is detected.
Package: etexcmds 2011/02/16 v1.5 Avoid name clashes with e-TeX commands (HO)
Package etexcmds Info: Could not find \expanded.
(etexcmds)             That can mean that you are not using pdfTeX 1.50 or
(etexcmds)             that some package has redefined \expanded.
(etexcmds)             In the latter case, load this package earlier.
Package: kvsetkeys 2012/04/25 v1.16 Key value parser (HO)
Package: kvdefinekeys 2011/04/07 v1.3 Define keys (HO)
Package: pdftexcmds 2011/11/29 v0.20 Utility functions of pdfTeX for LuaTeX (HO
)
Package pdftexcmds Info: LuaTeX not detected.
Package pdftexcmds Info: \pdf@primitive is available.
Package pdftexcmds Info: \pdf@ifprimitive is available.
Package pdftexcmds Info: \pdfdraftmode found.
Package: pdfescape 2011/11/25 v1.13 Implements pdfTeX's escape features (HO)
Package: bigintcalc 2012/04/08 v1.3 Expandable calculations on big integers (HO
)
Package: bitset 2011/01/30 v1.1 Handle bit-vector datatype (HO)
Package: uniquecounter 2011/01/30 v1.2 Provide unlimited unique counter (HO)
)
Package hobsub Info: Skipping package `hobsub' (already loaded).
Package: letltxmacro 2010/09/02 v1.4 Let assignment for LaTeX macros (HO)
Package: hopatch 2012/05/28 v1.2 Wrapper for package hooks (HO)
Package: xcolor-patch 2011/01/30 xcolor patch
Package: atveryend 2011/06/30 v1.8 Hooks at the very end of document (HO)
Package atveryend Info: \enddocument detected (standard20110627).
Package: atbegshi 2011/10/05 v1.16 At begin shipout hook (HO)
Package: refcount 2011/10/16 v3.4 Data extraction from label references (HO)
Package: hycolor 2011/01/30 v1.7 Color options for hyperref/bookmark (HO)
)
(/usr/share/texlive/texmf-dist/tex/generic/ifxetex/ifxetex.sty
Package: ifxetex 2010/09/12 v0.6 Provides ifxetex conditional
)
(/usr/share/texlive/texmf-dist/tex/latex/oberdiek/auxhook.sty
Package: auxhook 2011/03/04 v1.3 Hooks for auxiliary files (HO)
)
(/usr/share/texlive/texmf-dist/tex/latex/oberdiek/kvoptions.sty
Package: kvoptions 2011/06/30 v3.11 Key value format for package options (HO)
)
\@linkdim=\dimen105
\Hy@linkcounter=\count88
\Hy@pagecounter=\count89

(/usr/share/texlive/texmf-dist/tex/latex/hyperref/pd1enc.def
File: pd1enc.def 2012/11/06 v6.83m Hyperref: PDFDocEncoding definition (HO)
)
\Hy@SavedSpaceFactor=\count90

(/usr/share/texlive/texmf-dist/tex/latex/latexconfig/hyperref.cfg
File: hyperref.cfg 2002/06/06 v1.2 hyperref configuration of TeXLive
)
Package hyperref Info: Hyper figures OFF on input line 4443.
Package hyperref Info: Link nesting OFF on input line 4448.
Package hyperref Info: Hyper index ON on input line 4451.
Package hyperref Info: Plain pages OFF on input line 4458.
Package hyperref Info: Backreferencing OFF on input line 4463.
Package hyperref Info: Implicit mode ON; LaTeX internals redefined.
Package hyperref Info: Bookmarks ON on input line 4688.
\c@Hy@tempcnt=\count91

(/usr/share/texlive/texmf-dist/tex/latex/url/url.sty
\Urlmuskip=\muskip10
Package: url 2013/09/16  ver 3.4  Verb mode for urls, etc.
)
LaTeX Info: Redefining \url on input line 5041.
\XeTeXLinkMargin=\dimen106
\Fld@menulength=\count92
\Field@Width=\dimen107
\Fld@charsize=\dimen108
Package hyperref Info: Hyper figures OFF on input line 6295.
Package hyperref Info: Link nesting OFF on input line 6300.
Package hyperref Info: Hyper index ON on input line 6303.
Package hyperref Info: backreferencing OFF on input line 6310.
Package hyperref Info: Link coloring OFF on input line 6315.
Package hyperref Info: Link coloring with OCG OFF on input line 6320.
Package hyperref Info: PDF/A mode OFF on input line 6325.
LaTeX Info: Redefining \ref on input line 6365.
LaTeX Info: Redefining \pageref on input line 6369.
\Hy@abspage=\count93
\c@Item=\count94
\c@Hfootnote=\count95
)

Package hyperref Message: Driver (autodetected): hpdftex.

(/usr/share/texlive/texmf-dist/tex/latex/hyperref/hpdftex.def
File: hpdftex.def 2012/11/06 v6.83m Hyperref driver for pdfTeX
\Fld@listcount=\count96
\c@bookmark@seq@number=\count97

(/usr/share/texlive/texmf-dist/tex/latex/oberdiek/rerunfilecheck.sty
Package: rerunfilecheck 2011/04/15 v1.7 Rerun checks for auxiliary files (HO)
Package uniquecounter Info: New unique counter `rerunfilecheck' on input line 2
82.
)
\Hy@SectionHShift=\skip43
)
(/usr/share/texlive/texmf-dist/tex/latex/hyperref/nameref.sty
Package: nameref 2012/10/27 v2.43 Cross-referencing by name of section

(/usr/share/texlive/texmf-dist/tex/generic/oberdiek/gettitlestring.sty
Package: gettitlestring 2010/12/03 v1.4 Cleanup title references (HO)
)
\c@section@level=\count98
)
(/usr/share/texlive/texmf-dist/tex/latex/parskip/parskip.sty
Package: parskip 2001/04/09 non-zero parskip adjustments
)
(/usr/share/texlive/texmf-dist/tex/latex/bold-extra/bold-extra.sty
Package: bold-extra 2001/11/13 v0.1 Use fonts from cm/mf-extra/bold
)
(/usr/share/texlive/texmf-dist/tex/latex/float/float.sty
Package: float 2001/11/08 v1.3d Float enhancements (AL)
\c@float@type=\count99
\float@exts=\toks15
\float@box=\box26
\@float@everytoks=\toks16
\@floatcapt=\box27
)
(/usr/share/texlive/texmf-dist/tex/latex/tools/longtable.sty
Package: longtable 2014/10/28 v4.11 Multi-page Table package (DPC)
\LTleft=\skip44
\LTright=\skip45
\LTpre=\skip46
\LTpost=\skip47
\LTchunksize=\count100
\LTcapwidth=\dimen109
\LT@head=\box28
\LT@firsthead=\box29
\LT@foot=\box30
\LT@lastfoot=\box31
\LT@cols=\count101
\LT@rows=\count102
\c@LT@tables=\count103
\c@LT@chunks=\count104
\LT@p@ftn=\toks17
)
(/usr/share/texlive/texmf-dist/tex/latex/multirow/multirow.sty
\bigstrutjot=\dimen110
)
(/usr/share/texlive/texmf-dist/tex/latex/amsmath/amsmath.sty
Package: amsmath 2016/03/03 v2.15a AMS math features
\@mathmargin=\skip48

For additional information on amsmath, use the `?' option.
(/usr/share/texlive/texmf-dist/tex/latex/amsmath/amstext.sty
Package: amstext 2000/06/29 v2.01 AMS text

(/usr/share/texlive/texmf-dist/tex/latex/amsmath/amsgen.sty
File: amsgen.sty 1999/11/30 v2.0 generic functions
\@emptytoks=\toks18
\ex@=\dimen111
))
(/usr/share/texlive/texmf-dist/tex/latex/amsmath/amsbsy.sty
Package: amsbsy 1999/11/29 v1.2d Bold Symbols
\pmbraise@=\dimen112
)
(/usr/share/texlive/texmf-dist/tex/latex/amsmath/amsopn.sty
Package: amsopn 1999/12/14 v2.01 operator names
)
\inf@bad=\count105
LaTeX Info: Redefining \frac on input line 199.
\uproot@=\count106
\leftroot@=\count107
LaTeX Info: Redefining \overline on input line 297.
\classnum@=\count108
\DOTSCASE@=\count109
LaTeX Info: Redefining \ldots on input line 394.
LaTeX Info: Redefining \dots on input line 397.
LaTeX Info: Redefining \cdots on input line 518.
\Mathstrutbox@=\box32
\strutbox@=\box33
\big@size=\dimen113
LaTeX Font Info:    Redeclaring font encoding OML on input line 630.
LaTeX Font Info:    Redeclaring font encoding OMS on input line 631.
\macc@depth=\count110
\c@MaxMatrixCols=\count111
\dotsspace@=\muskip11
\c@parentequation=\count112
\dspbrk@lvl=\count113
\tag@help=\toks19
\row@=\count114
\column@=\count115
\maxfields@=\count116
\andhelp@=\toks20
\eqnshift@=\dimen114
\alignsep@=\dimen115
\tagshift@=\dimen116
\tagwidth@=\dimen117
\totwidth@=\dimen118
\lineht@=\dimen119
\@envbody=\toks21
\multlinegap=\skip49
\multlinetaggap=\skip50
\mathdisplay@stack=\toks22
LaTeX Info: Redefining \[ on input line 2735.
LaTeX Info: Redefining \] on input line 2736.
)
(/usr/share/texlive/texmf-dist/tex/latex/base/fontenc.sty
Package: fontenc 2005/09/27 v1.99g Standard LaTeX package

(/usr/share/texlive/texmf-dist/tex/latex/base/t1enc.def
File: t1enc.def 2005/09/27 v1.99g Standard LaTeX file
LaTeX Font Info:    Redeclaring font encoding T1 on input line 48.
)) (./PPD.aux
(./cover/main.aux) (./introduction/main.aux) (./estimation/main.aux

LaTeX Warning: Label `table:UFPT' multiply defined.

) (./tasks/main.aux

LaTeX Warning: Label `fig:tasks-2' multiply defined.


LaTeX Warning: Label `fig:tasks-2' multiply defined.

) (./resources/main.aux

LaTeX Warning: Label `fig:tasks-1' multiply defined.


LaTeX Warning: Label `fig:tasks-1' multiply defined.


LaTeX Warning: Label `fig:tasks-1' multiply defined.


LaTeX Warning: Label `fig:tasks-1' multiply defined.

) (./risk/main.aux) (./effort/main.aux))
\openout1 = `PPD.aux'.

LaTeX Font Info:    Checking defaults for OML/cmm/m/it on input line 21.
LaTeX Font Info:    ... okay on input line 21.
LaTeX Font Info:    Checking defaults for T1/cmr/m/n on input line 21.
LaTeX Font Info:    ... okay on input line 21.
LaTeX Font Info:    Checking defaults for OT1/cmr/m/n on input line 21.
LaTeX Font Info:    ... okay on input line 21.
LaTeX Font Info:    Checking defaults for OMS/cmsy/m/n on input line 21.
LaTeX Font Info:    ... okay on input line 21.
LaTeX Font Info:    Checking defaults for OMX/cmex/m/n on input line 21.
LaTeX Font Info:    ... okay on input line 21.
LaTeX Font Info:    Checking defaults for U/cmr/m/n on input line 21.
LaTeX Font Info:    ... okay on input line 21.
LaTeX Font Info:    Checking defaults for TS1/cmr/m/n on input line 21.
LaTeX Font Info:    Try loading font information for TS1+cmr on input line 21.

(/usr/share/texlive/texmf-dist/tex/latex/base/ts1cmr.fd
File: ts1cmr.fd 2014/09/29 v2.5h Standard LaTeX font definitions
)
LaTeX Font Info:    ... okay on input line 21.
LaTeX Font Info:    Checking defaults for PD1/pdf/m/n on input line 21.
LaTeX Font Info:    ... okay on input line 21.

(/usr/share/texlive/texmf-dist/tex/context/base/supp-pdf.mkii
[Loading MPS to PDF converter (version 2006.09.02).]
\scratchcounter=\count117
\scratchdimen=\dimen120
\scratchbox=\box34
\nofMPsegments=\count118
\nofMParguments=\count119
\everyMPshowfont=\toks23
\MPscratchCnt=\count120
\MPscratchDim=\dimen121
\MPnumerator=\count121
\makeMPintoPDFobject=\count122
\everyMPtoPDFconversion=\toks24
) (/usr/share/texlive/texmf-dist/tex/latex/oberdiek/epstopdf-base.sty
Package: epstopdf-base 2010/02/09 v2.5 Base part for package epstopdf

(/usr/share/texlive/texmf-dist/tex/latex/oberdiek/grfext.sty
Package: grfext 2010/08/19 v1.1 Manage graphics extensions (HO)
)
Package grfext Info: Graphics extension search list:
(grfext)             [.png,.pdf,.jpg,.mps,.jpeg,.jbig2,.jb2,.PNG,.PDF,.JPG,.JPE
G,.JBIG2,.JB2,.eps]
(grfext)             \AppendGraphicsExtensions on input line 452.

(/usr/share/texlive/texmf-dist/tex/latex/latexconfig/epstopdf-sys.cfg
File: epstopdf-sys.cfg 2010/07/13 v1.3 Configuration of (r)epstopdf for TeX Liv
e
))
\AtBeginShipoutBox=\box35
Package hyperref Info: Link coloring OFF on input line 21.
LaTeX Info: Redefining \ref on input line 21.
LaTeX Info: Redefining \pageref on input line 21.
LaTeX Info: Redefining \nameref on input line 21.

(./PPD.out) (./PPD.out)
\@outlinefile=\write3
\openout3 = `PPD.out'.

\openout2 = `./cover/main.aux'.

 (./cover/main.tex
<../Datas/images/polimi.png, id=116, 803.0pt x 501.875pt>
File: ../Datas/images/polimi.png Graphic file (type png)

<use ../Datas/images/polimi.png>
Package pdftex.def Info: ../Datas/images/polimi.png used on input line 3.
(pdftex.def)             Requested size: 351.31378pt x 219.57742pt.

Overfull \hbox (6.31378pt too wide) in paragraph at lines 3--4
 [] 
 []

[1


{/var/lib/texmf/fonts/map/pdftex/updmap/pdftex.map} <../Datas/images/polimi.png
>]) (./PPD.toc)
\tf@toc=\write4
\openout4 = `PPD.toc'.

pdfTeX warning (ext4): destination with the same identifier (name{page.}) has b
een already used, duplicate ignored
<to be read again> 
                   \relax 
l.29         \clearpage
                        [1

]
\openout2 = `./introduction/main.aux'.

 (./introduction/main.tex
(./introduction/revision.tex
Underfull \vbox (badness 10000) detected at line 13
 []

) (./introduction/purpose.tex) (./introduction/scope.tex)
(./introduction/def-acr-abbr/main.tex
(./introduction/def-acr-abbr/definitions.tex [1


]
Overfull \hbox (4.92068pt too wide) in paragraph at lines 17--18
[]\T1/cmr/bx/n/10 Total Scale Driver\T1/cmr/m/n/10 : the to-tal scale driver fa
c-tor im-pact-ing on the project's
 []

) (./introduction/def-acr-abbr/acronyms.tex [2])) (./introduction/ref-doc.tex))
[3]
\openout2 = `./estimation/main.aux'.

 (./estimation/main.tex (./estimation/size-estimation/main.tex
(./estimation/size-estimation/prologue.tex [4


])
(./estimation/size-estimation/internal-file.tex [5]

LaTeX Warning: `!h' float specifier changed to `!ht'.

) (./estimation/size-estimation/external-file.tex [6pdfTeX warning (ext4): dest
ination with the same identifier (name{table.2}) has been already used, duplica
te ignored

\AtBegShi@Output ...ipout \box \AtBeginShipoutBox 
                                                  \fi \fi 
l.4 
    ]) (./estimation/size-estimation/external-input.tex [7pdfTeX warning (ext4)
: destination with the same identifier (name{table.3}) has been already used, d
uplicate ignored

\AtBegShi@Output ...ipout \box \AtBeginShipoutBox 
                                                  \fi \fi 
l.6 	\item \textbf
                  {Logout}: elementary operation that does not require the i...
pdfTeX warning (ext4): destination with the same identifier (name{table.4}) has
 been already used, duplicate ignored

\AtBegShi@Output ...ipout \box \AtBeginShipoutBox 
                                                  \fi \fi 
l.6 	\item \textbf
                  {Logout}: elementary operation that does not require the i...
] [8]

LaTeX Warning: `!h' float specifier changed to `!ht'.

) (./estimation/size-estimation/external-inquiries.tex [9pdfTeX warning (ext4):
 destination with the same identifier (name{table.5}) has been already used, du
plicate ignored

\AtBegShi@Output ...ipout \box \AtBeginShipoutBox 
                                                  \fi \fi 
l.9 
    ] [10pdfTeX warning (ext4): destination with the same identifier (name{tabl
e.6}) has been already used, duplicate ignored

\AtBegShi@Output ...ipout \box \AtBeginShipoutBox 
                                                  \fi \fi 
l.24 	\item \textbf
                   {Retrieve policy list}: the retrieval of the total list o...
]) (./estimation/size-estimation/external-output.tex [11pdfTeX warning (ext4): 
destination with the same identifier (name{table.7}) has been already used, dup
licate ignored

\AtBegShi@Output ...ipout \box \AtBeginShipoutBox 
                                                  \fi \fi 
l.13 
     pdfTeX warning (ext4): destination with the same identifier (name{table.8}
) has been already used, duplicate ignored

\AtBegShi@Output ...ipout \box \AtBeginShipoutBox 
                                                  \fi \fi 
l.13 
     ]) (./estimation/size-estimation/epilogue.tex [12pdfTeX warning (ext4): de
stination with the same identifier (name{table.9}) has been already used, dupli
cate ignored

\AtBegShi@Output ...ipout \box \AtBeginShipoutBox 
                                                  \fi \fi 
l.55 \end{displaymath}
                      pdfTeX warning (ext4): destination with the same identifi
er (name{table.10}) has been already used, duplicate ignored

\AtBegShi@Output ...ipout \box \AtBeginShipoutBox 
                                                  \fi \fi 
l.55 \end{displaymath}
                      ])) (./estimation/effort-cost-estimation/main.tex
(./estimation/effort-cost-estimation/intro.tex)
(./estimation/effort-cost-estimation/scale-drivers.tex [13]
Underfull \hbox (badness 1783) in paragraph at lines 27--27
[]|\T1/cmr/bx/n/10 Scale Fac-
 []


Underfull \hbox (badness 10000) in paragraph at lines 27--27
[]|\T1/cmr/bx/n/10 Very
 []


Underfull \hbox (badness 10000) in paragraph at lines 27--27
[]|\T1/cmr/bx/n/10 Extra
 []


Underfull \hbox (badness 10000) in paragraph at lines 28--28
[]|\T1/cmr/m/n/10 thoroughly
 []


Underfull \hbox (badness 10000) in paragraph at lines 28--28
\T1/cmr/m/n/10 un-prece-
 []


Underfull \hbox (badness 10000) in paragraph at lines 28--28
[]|\T1/cmr/m/n/10 largely
 []


Underfull \hbox (badness 10000) in paragraph at lines 28--28
\T1/cmr/m/n/10 un-prece-
 []


Underfull \hbox (badness 10000) in paragraph at lines 28--28
[]|\T1/cmr/m/n/10 somewhat
 []


Underfull \hbox (badness 10000) in paragraph at lines 28--28
\T1/cmr/m/n/10 un-prece-
 []


Underfull \hbox (badness 10000) in paragraph at lines 28--28
[]|\T1/cmr/m/n/10 generally
 []


Underfull \hbox (badness 1831) in paragraph at lines 28--28
[]|\T1/cmr/m/n/10 largely fa-
 []


Underfull \hbox (badness 10000) in paragraph at lines 28--29
[]|\T1/cmr/m/n/10 thoroughly
 []


Underfull \hbox (badness 10000) in paragraph at lines 30--30
[]|\T1/cmr/m/n/10 occasional
 []


Underfull \hbox (badness 10000) in paragraph at lines 30--30
[]|\T1/cmr/m/n/10 some
 []


Underfull \hbox (badness 10000) in paragraph at lines 30--30
[]|\T1/cmr/m/n/10 general
 []


Underfull \hbox (badness 2573) in paragraph at lines 30--30
[]|\T1/cmr/m/n/10 some con-
 []


Underfull \hbox (badness 10000) in paragraph at lines 30--31
[]|\T1/cmr/m/n/10 general
 []


Underfull \hbox (badness 10000) in paragraph at lines 32--32
[]|\T1/cmr/m/n/10 little
 []


Underfull \hbox (badness 10000) in paragraph at lines 32--32
[]|\T1/cmr/m/n/10 some
 []


Underfull \hbox (badness 10000) in paragraph at lines 32--32
[]|\T1/cmr/m/n/10 often
 []


Underfull \hbox (badness 10000) in paragraph at lines 32--32
[]|\T1/cmr/m/n/10 generally
 []


Underfull \hbox (badness 10000) in paragraph at lines 32--32
[]|\T1/cmr/m/n/10 mostly
 []


Underfull \hbox (badness 5490) in paragraph at lines 34--34
[]|\T1/cmr/m/n/10 very dif-fi-
 []


Underfull \hbox (badness 2197) in paragraph at lines 34--34
\T1/cmr/m/n/10 cult in-ter-
 []


Underfull \hbox (badness 2197) in paragraph at lines 34--34
\T1/cmr/m/n/10 cult in-ter-
 []


Underfull \hbox (badness 10000) in paragraph at lines 34--34
[]|\T1/cmr/m/n/10 basically
 []


Underfull \hbox (badness 10000) in paragraph at lines 34--34
\T1/cmr/m/n/10 co-op-
 []


Underfull \hbox (badness 10000) in paragraph at lines 34--34
\T1/cmr/m/n/10 er-a-tive
 []


Underfull \hbox (badness 10000) in paragraph at lines 34--34
\T1/cmr/m/n/10 in-ter-ac-
 []


Underfull \hbox (badness 3128) in paragraph at lines 34--34
[]|\T1/cmr/m/n/10 highly co-
 []


Underfull \hbox (badness 10000) in paragraph at lines 34--35
[]|\T1/cmr/m/n/10 seamless
 []


Underfull \hbox (badness 10000) in paragraph at lines 34--35
\T1/cmr/m/n/10 in-ter-ac-
 []


Underfull \hbox (badness 10000) in paragraph at lines 36--36
[]|\T1/cmr/m/n/10 Level 1
 []


Underfull \hbox (badness 10000) in paragraph at lines 36--36
[]|\T1/cmr/m/n/10 Level 1
 []


Overfull \hbox (44.0pt too wide) in alignment at lines 26--38
 [] [] [] [] [] [] [] 
 []


Underfull \vbox (badness 10000) detected at line 38
 []

) (./estimation/effort-cost-estimation/cost-drivers.tex [14pdfTeX warning (ext4
): destination with the same identifier (name{table.12}) has been already used,
 duplicate ignored

\AtBegShi@Output ...ipout \box \AtBeginShipoutBox 
                                                  \fi \fi 
l.1 \subsection
               {Cost Drivers}]
Overfull \hbox (22.094pt too wide) in paragraph at lines 21--34
 [][] 
 []


Underfull \hbox (badness 10000) in paragraph at lines 45--45
[]|\T1/cmr/m/n/10 slightly
 []


Underfull \hbox (badness 10000) in paragraph at lines 45--45
\T1/cmr/m/n/10 in-con-ve-
 []


Underfull \hbox (badness 10000) in paragraph at lines 45--45
[]|\T1/cmr/m/n/10 easily re-
 []


Underfull \hbox (badness 10000) in paragraph at lines 45--45
\T1/cmr/m/n/10 cov-er-able
 []


Underfull \hbox (badness 10000) in paragraph at lines 45--45
[]|\T1/cmr/m/n/10 moderate
 []


Underfull \hbox (badness 10000) in paragraph at lines 45--45
\T1/cmr/m/n/10 re-cov-
 []


Underfull \hbox (badness 10000) in paragraph at lines 45--45
\T1/cmr/m/n/10 er-able
 []


Overfull \hbox (44.0pt too wide) in alignment at lines 44--48
 [] [] [] [] [] [] [] 
 []


Underfull \vbox (badness 10000) detected at line 48
 []

[15pdfTeX warning (ext4): destination with the same identifier (name{table.13})
 has been already used, duplicate ignored

\AtBegShi@Output ...ipout \box \AtBeginShipoutBox 
                                                  \fi \fi 
l.48 \end{costdriverstable}
                           ]
Underfull \hbox (badness 10000) in paragraph at lines 57--57
[]|\T1/cmr/m/n/10 Testing
 []


Underfull \hbox (badness 10000) in paragraph at lines 57--57
\T1/cmr/m/n/10 DB
 []


Underfull \hbox (badness 10000) in paragraph at lines 57--57
\T1/cmr/m/n/10 bytes/pgm
 []


Underfull \hbox (badness 10000) in paragraph at lines 57--57
\T1/cmr/m/n/10 SLOC $\OML/cmm/m/it/10 <$
 []


Overfull \hbox (11.6894pt too wide) in paragraph at lines 57--57
[]|\T1/cmr/m/n/10 10$\OMS/cmsy/m/n/10 ^^T$\T1/cmr/m/n/10 D/P$\OMS/cmsy/m/n/10 ^
^T$\T1/cmr/m/n/10 100| 
 []


Overfull \hbox (9.05116pt too wide) in paragraph at lines 57--57
[]|\T1/cmr/m/n/10 100$\OMS/cmsy/m/n/10 ^^T$\T1/cmr/m/n/10 /P$\OMS/cmsy/m/n/10 ^
^T$\T1/cmr/m/n/10 000| 
 []


Overfull \hbox (44.0pt too wide) in alignment at lines 56--60
 [] [] [] [] [] [] [] 
 []


Underfull \vbox (badness 10000) detected at line 60
 []


Underfull \hbox (badness 3049) in paragraph at lines 65--66
[]|   \T1/cmr/m/n/10 Rat-ing
 []


Overfull \hbox (44.0pt too wide) in alignment at lines 65--68
 [] [] [] [] [] [] [] 
 []


Underfull \vbox (badness 10000) detected at line 68
 []

[16]
Underfull \hbox (badness 10000) in paragraph at lines 76--76
[]|\T1/cmr/m/n/10 Across
 []


Underfull \hbox (badness 10000) in paragraph at lines 76--76
[]|\T1/cmr/m/n/10 Across
 []


Underfull \hbox (badness 10000) in paragraph at lines 76--76
[]|\T1/cmr/m/n/10 Across
 []


Underfull \hbox (badness 10000) in paragraph at lines 76--76
\T1/cmr/m/n/10 prod-uct
 []


Underfull \hbox (badness 10000) in paragraph at lines 76--76
[]|\T1/cmr/m/n/10 Across
 []


Underfull \hbox (badness 10000) in paragraph at lines 76--76
\T1/cmr/m/n/10 mul-ti-ple
 []


Underfull \hbox (badness 10000) in paragraph at lines 76--76
\T1/cmr/m/n/10 prod-uct
 []


Overfull \hbox (44.0pt too wide) in alignment at lines 75--79
 [] [] [] [] [] [] [] 
 []


Underfull \vbox (badness 10000) detected at line 79
 []


Overfull \hbox (2.90868pt too wide) in paragraph at lines 81--82
[]\T1/cmr/bx/n/10 Documentation Match to Life-Cycle Needs [DOCU]\T1/cmr/m/n/10 
: this cost driver
 []


Underfull \hbox (badness 1248) in paragraph at lines 86--86
[]|\T1/cmr/m/n/10 Many life-
 []


Underfull \hbox (badness 3128) in paragraph at lines 86--86
[]|\T1/cmr/m/n/10 Some life-
 []


Underfull \hbox (badness 10000) in paragraph at lines 86--86
[]|\T1/cmr/m/n/10 Right-
 []


Underfull \hbox (badness 10000) in paragraph at lines 86--86
\T1/cmr/m/n/10 sized to
 []


Underfull \hbox (badness 10000) in paragraph at lines 86--86
\T1/cmr/m/n/10 life-cycle
 []


Underfull \hbox (badness 10000) in paragraph at lines 86--86
[]|\T1/cmr/m/n/10 Excessive
 []


Underfull \hbox (badness 10000) in paragraph at lines 86--86
\T1/cmr/m/n/10 for life-
 []


Underfull \hbox (badness 10000) in paragraph at lines 86--86
[]|\T1/cmr/m/n/10 Very ex-
 []


Underfull \hbox (badness 1383) in paragraph at lines 86--86
\T1/cmr/m/n/10 ces-sive for
 []


Underfull \hbox (badness 10000) in paragraph at lines 86--86
\T1/cmr/m/n/10 life-cycle
 []


Overfull \hbox (44.0pt too wide) in alignment at lines 85--89
 [] [] [] [] [] [] [] 
 []


Underfull \vbox (badness 10000) detected at line 89
 []


Underfull \hbox (badness 10000) in paragraph at lines 96--96
\T1/cmr/m/n/10 ex-e-cu-tion
 []


Underfull \hbox (badness 10000) in paragraph at lines 96--96
\T1/cmr/m/n/10 avail-able
 []


Underfull \hbox (badness 10000) in paragraph at lines 96--96
\T1/cmr/m/n/10 ex-e-cu-tion
 []


Underfull \hbox (badness 10000) in paragraph at lines 96--96
\T1/cmr/m/n/10 avail-able
 []


Underfull \hbox (badness 10000) in paragraph at lines 96--96
\T1/cmr/m/n/10 ex-e-cu-tion
 []


Underfull \hbox (badness 10000) in paragraph at lines 96--96
\T1/cmr/m/n/10 avail-able
 []


Underfull \hbox (badness 10000) in paragraph at lines 96--96
\T1/cmr/m/n/10 ex-e-cu-tion
 []


Overfull \hbox (44.0pt too wide) in alignment at lines 95--99
 [] [] [] [] [] [] [] 
 []


Underfull \vbox (badness 10000) detected at line 99
 []

[17]
Underfull \hbox (badness 10000) in paragraph at lines 107--107
\T1/cmr/m/n/10 avail-able
 []


Underfull \hbox (badness 10000) in paragraph at lines 107--107
\T1/cmr/m/n/10 avail-able
 []


Underfull \hbox (badness 10000) in paragraph at lines 107--107
\T1/cmr/m/n/10 avail-able
 []


Overfull \hbox (44.0pt too wide) in alignment at lines 106--110
 [] [] [] [] [] [] [] 
 []


Underfull \vbox (badness 10000) detected at line 110
 []


Underfull \hbox (badness 10000) in paragraph at lines 117--117
[]|\T1/cmr/m/n/10 Major
 []


Underfull \hbox (badness 10000) in paragraph at lines 117--117
\T1/cmr/m/n/10 change
 []


Underfull \hbox (badness 10000) in paragraph at lines 117--117
\T1/cmr/m/n/10 ev-ery 12
 []


Underfull \hbox (badness 10000) in paragraph at lines 117--117
\T1/cmr/m/n/10 change
 []


Underfull \hbox (badness 10000) in paragraph at lines 117--117
\T1/cmr/m/n/10 ev-ery 1
 []


Underfull \hbox (badness 10000) in paragraph at lines 117--117
[]|\T1/cmr/m/n/10 Major:
 []


Underfull \hbox (badness 5345) in paragraph at lines 117--117
\T1/cmr/m/n/10 6mo; mi-
 []


Underfull \hbox (badness 10000) in paragraph at lines 117--117
[]|\T1/cmr/m/n/10 Major:
 []


Underfull \hbox (badness 10000) in paragraph at lines 117--117
\T1/cmr/m/n/10 2mo, mi-
 []


Underfull \hbox (badness 10000) in paragraph at lines 117--117
[]|\T1/cmr/m/n/10 Major:
 []


Underfull \hbox (badness 6893) in paragraph at lines 117--117
\T1/cmr/m/n/10 2wk; mi-
 []


Underfull \hbox (badness 10000) in paragraph at lines 117--117
\T1/cmr/m/n/10 nor: 2
 []


Overfull \hbox (44.0pt too wide) in alignment at lines 116--120
 [] [] [] [] [] [] [] 
 []


Underfull \vbox (badness 10000) detected at line 120
 []


Underfull \hbox (badness 10000) in paragraph at lines 127--127
[]|\T1/cmr/m/n/10 15th per-
 []


Underfull \hbox (badness 10000) in paragraph at lines 127--127
[]|\T1/cmr/m/n/10 35th per-
 []


Underfull \hbox (badness 10000) in paragraph at lines 127--127
[]|\T1/cmr/m/n/10 55th per-
 []


Underfull \hbox (badness 10000) in paragraph at lines 127--127
[]|\T1/cmr/m/n/10 75th per-
 []


Underfull \hbox (badness 10000) in paragraph at lines 127--127
[]|\T1/cmr/m/n/10 90th per-
 []


Overfull \hbox (44.0pt too wide) in alignment at lines 126--130
 [] [] [] [] [] [] [] 
 []


Underfull \vbox (badness 10000) detected at line 130
 []

[18]
Underfull \hbox (badness 10000) in paragraph at lines 137--137
[]|\T1/cmr/m/n/10 15th per-
 []


Underfull \hbox (badness 10000) in paragraph at lines 137--137
[]|\T1/cmr/m/n/10 35th per-
 []


Underfull \hbox (badness 10000) in paragraph at lines 137--137
[]|\T1/cmr/m/n/10 55th per-
 []


Underfull \hbox (badness 10000) in paragraph at lines 137--137
[]|\T1/cmr/m/n/10 75th per-
 []


Underfull \hbox (badness 10000) in paragraph at lines 137--137
[]|\T1/cmr/m/n/10 90th per-
 []


Overfull \hbox (44.0pt too wide) in alignment at lines 136--140
 [] [] [] [] [] [] [] 
 []


Underfull \vbox (badness 10000) detected at line 140
 []


Overfull \hbox (44.0pt too wide) in alignment at lines 146--150
 [] [] [] [] [] [] [] 
 []


Underfull \vbox (badness 10000) detected at line 150
 []


Underfull \hbox (badness 10000) in paragraph at lines 157--157
[]|$\OMS/cmsy/m/n/10 ^^T$ \T1/cmr/m/n/10 2
 []


Overfull \hbox (44.0pt too wide) in alignment at lines 156--160
 [] [] [] [] [] [] [] 
 []


Underfull \vbox (badness 10000) detected at line 160
 []

[19]
Underfull \hbox (badness 10000) in paragraph at lines 167--167
[]|$\OMS/cmsy/m/n/10 ^^T$ \T1/cmr/m/n/10 2
 []


Overfull \hbox (44.0pt too wide) in alignment at lines 166--170
 [] [] [] [] [] [] [] 
 []


Underfull \vbox (badness 10000) detected at line 170
 []


Underfull \hbox (badness 10000) in paragraph at lines 177--177
[]|$\OMS/cmsy/m/n/10 ^^T$ \T1/cmr/m/n/10 2
 []


Overfull \hbox (44.0pt too wide) in alignment at lines 176--180
 [] [] [] [] [] [] [] 
 []


Underfull \vbox (badness 10000) detected at line 180
 []


Underfull \hbox (badness 10000) in paragraph at lines 186--186
[]|\T1/cmr/m/n/10 simple,
 []


Underfull \hbox (badness 10000) in paragraph at lines 186--186
\T1/cmr/m/n/10 fron-tend,
 []


Underfull \hbox (badness 10000) in paragraph at lines 186--186
\T1/cmr/m/n/10 back-end
 []


Underfull \hbox (badness 10000) in paragraph at lines 186--186
\T1/cmr/m/n/10 CASE,
 []


Underfull \hbox (badness 2237) in paragraph at lines 186--186
\T1/cmr/m/n/10 lit-tle in-te-
 []


Underfull \hbox (badness 6978) in paragraph at lines 186--186
[]|\T1/cmr/m/n/10 basic life-
 []


Underfull \hbox (badness 10000) in paragraph at lines 186--186
\T1/cmr/m/n/10 mod-
 []


Underfull \hbox (badness 10000) in paragraph at lines 186--186
\T1/cmr/m/n/10 er-ately
 []


Underfull \hbox (badness 10000) in paragraph at lines 186--186
[]|\T1/cmr/m/n/10 strong,
 []


Underfull \hbox (badness 10000) in paragraph at lines 186--186
\T1/cmr/m/n/10 ma-ture
 []


Underfull \hbox (badness 10000) in paragraph at lines 186--186
\T1/cmr/m/n/10 life-cycle
 []


Underfull \hbox (badness 10000) in paragraph at lines 186--186
\T1/cmr/m/n/10 tools,
 []


Underfull \hbox (badness 10000) in paragraph at lines 186--186
\T1/cmr/m/n/10 mod-
 []


Underfull \hbox (badness 10000) in paragraph at lines 186--186
\T1/cmr/m/n/10 er-ately
 []


Underfull \hbox (badness 10000) in paragraph at lines 186--186
[]|\T1/cmr/m/n/10 strong,
 []


Underfull \hbox (badness 10000) in paragraph at lines 186--186
\T1/cmr/m/n/10 ma-ture,
 []


Underfull \hbox (badness 10000) in paragraph at lines 186--186
\T1/cmr/m/n/10 proac-tive
 []


Underfull \hbox (badness 10000) in paragraph at lines 186--186
\T1/cmr/m/n/10 life-cycle
 []


Underfull \hbox (badness 10000) in paragraph at lines 186--186
\T1/cmr/m/n/10 in-te-grated
 []


Underfull \hbox (badness 10000) in paragraph at lines 186--186
\T1/cmr/m/n/10 with pro-
 []


Underfull \hbox (badness 10000) in paragraph at lines 186--186
\T1/cmr/m/n/10 cesses,
 []


Underfull \hbox (badness 10000) in paragraph at lines 186--186
\T1/cmr/m/n/10 meth-ods,
 []


Overfull \hbox (44.0pt too wide) in alignment at lines 185--189
 [] [] [] [] [] [] [] 
 []


Underfull \vbox (badness 10000) detected at line 189
 []

[20]
Underfull \hbox (badness 10000) in paragraph at lines 196--196
[]|\T1/cmr/m/n/10 Intern-
 []


Underfull \hbox (badness 10000) in paragraph at lines 196--196
[]|\T1/cmr/m/n/10 Multi-city
 []


Underfull \hbox (badness 10000) in paragraph at lines 196--196
[]|\T1/cmr/m/n/10 Multi-city
 []


Underfull \hbox (badness 10000) in paragraph at lines 196--196
\T1/cmr/m/n/10 or multi-
 []


Underfull \hbox (badness 3657) in paragraph at lines 196--196
[]|\T1/cmr/m/n/10 Same city
 []


Underfull \hbox (badness 10000) in paragraph at lines 196--196
\T1/cmr/m/n/10 or metro
 []


Underfull \hbox (badness 10000) in paragraph at lines 196--196
[]|\T1/cmr/m/n/10 Same
 []


Underfull \hbox (badness 2384) in paragraph at lines 197--197
[]|\T1/cmr/m/n/10 SITE Com-
 []


Underfull \hbox (badness 10000) in paragraph at lines 197--197
\T1/cmr/m/n/10 mu-ni-ca-tions
 []


Underfull \hbox (badness 10000) in paragraph at lines 197--197
[]|\T1/cmr/m/n/10 Some
 []


Underfull \hbox (badness 10000) in paragraph at lines 197--197
\T1/cmr/m/n/10 phone,
 []


Underfull \hbox (badness 10000) in paragraph at lines 197--197
[]|\T1/cmr/m/n/10 Individual
 []


Underfull \hbox (badness 10000) in paragraph at lines 197--197
[]|\T1/cmr/m/n/10 Narrow
 []


Underfull \hbox (badness 10000) in paragraph at lines 197--197
[]|\T1/cmr/m/n/10 Wideband
 []


Underfull \hbox (badness 10000) in paragraph at lines 197--197
\T1/cmr/m/n/10 elec-tronic
 []


Underfull \hbox (badness 10000) in paragraph at lines 197--197
\T1/cmr/m/n/10 com-mu-ni-
 []


Underfull \hbox (badness 10000) in paragraph at lines 197--197
[]|\T1/cmr/m/n/10 Wideband
 []


Underfull \hbox (badness 10000) in paragraph at lines 197--197
\T1/cmr/m/n/10 elect.
 []


Underfull \hbox (badness 10000) in paragraph at lines 197--197
\T1/cmr/m/n/10 comm.,
 []


Underfull \hbox (badness 10000) in paragraph at lines 197--197
\T1/cmr/m/n/10 oc-ca-sional
 []


Underfull \hbox (badness 10000) in paragraph at lines 197--197
[]|\T1/cmr/m/n/10 Interactive
 []


Underfull \hbox (badness 10000) in paragraph at lines 197--197
\T1/cmr/m/n/10 mul-ti-me-
 []


Overfull \hbox (44.0pt too wide) in alignment at lines 195--200
 [] [] [] [] [] [] [] 
 []


Underfull \vbox (badness 10000) detected at line 200
 []


Underfull \hbox (badness 10000) in paragraph at lines 207--207
[]|\T1/cmr/m/n/10 75% of
 []


Underfull \hbox (badness 10000) in paragraph at lines 207--207
[]|\T1/cmr/m/n/10 85% of
 []


Underfull \hbox (badness 10000) in paragraph at lines 207--207
[]|\T1/cmr/m/n/10 100% of
 []


Underfull \hbox (badness 10000) in paragraph at lines 207--207
[]|\T1/cmr/m/n/10 130% of
 []


Underfull \hbox (badness 10000) in paragraph at lines 207--207
[]|\T1/cmr/m/n/10 160% of
 []


Overfull \hbox (44.0pt too wide) in alignment at lines 206--210
 [] [] [] [] [] [] [] 
 []


Underfull \vbox (badness 10000) detected at line 210
 []

[21] [22pdfTeX warning (ext4): destination with the same identifier (name{table
.31}) has been already used, duplicate ignored

\AtBegShi@Output ...ipout \box \AtBeginShipoutBox 
                                                  \fi \fi 
l.281 	\item E
              : the total scale factor computed in the \textit{Scale Drivers...
]))) [23]
\openout2 = `./tasks/main.aux'.

 (./tasks/main.tex
<../Datas/images/tasks-schedule-1.png, id=312, 804.00375pt x 1005.7575pt>
File: ../Datas/images/tasks-schedule-1.png Graphic file (type png)

<use ../Datas/images/tasks-schedule-1.png>
Package pdftex.def Info: ../Datas/images/tasks-schedule-1.png used on input lin
e 25.
(pdftex.def)             Requested size: 501.87683pt x 627.81422pt.
 [24


]
Overfull \vbox (101.7582pt too high) has occurred while \output is active []


[25pdfTeX warning (ext4): destination with the same identifier (name{figure.1})
 has been already used, duplicate ignored

\AtBegShi@Output ...ipout \box \AtBeginShipoutBox 
                                                  \fi \fi 
l.29 
      <../Datas/images/tasks-schedule-1.png>]
<../Datas/images/tasks-schedule-2.png, id=327, 806.26219pt x 252.19218pt>
File: ../Datas/images/tasks-schedule-2.png Graphic file (type png)

<use ../Datas/images/tasks-schedule-2.png>
Package pdftex.def Info: ../Datas/images/tasks-schedule-2.png used on input lin
e 33.
(pdftex.def)             Requested size: 501.87683pt x 156.98477pt.
 [26pdfTeX warning (ext4): destination with the same identifier (name{figure.2}
) has been already used, duplicate ignored

\AtBegShi@Output ...ipout \box \AtBeginShipoutBox 
                                                  \fi \fi 
l.38 \newpage
              <../Datas/images/tasks-schedule-2.png>]

pdfTeX warning: pdflatex (file ../Datas/schedule-dates-1.pdf): PDF inclusion: f
ound PDF version <1.7>, but at most version <1.5> allowed
<../Datas/schedule-dates-1.pdf, id=333, 597.55246pt x 845.07724pt>
File: ../Datas/schedule-dates-1.pdf Graphic file (type pdf)

<use ../Datas/schedule-dates-1.pdf>
Package pdftex.def Info: ../Datas/schedule-dates-1.pdf used on input line 45.
(pdftex.def)             Requested size: 372.39261pt x 526.66328pt.


pdfTeX warning: pdflatex (file ../Datas/schedule-dates-2.pdf): PDF inclusion: f
ound PDF version <1.7>, but at most version <1.5> allowed
<../Datas/schedule-dates-2.pdf, id=334, 597.55246pt x 845.07724pt>
File: ../Datas/schedule-dates-2.pdf Graphic file (type pdf)

<use ../Datas/schedule-dates-2.pdf>
Package pdftex.def Info: ../Datas/schedule-dates-2.pdf used on input line 52.
(pdftex.def)             Requested size: 401.50146pt x 567.82356pt.
) [27 <../Datas/schedule-dates-1.pdf>]
Overfull \vbox (17.82356pt too high) has occurred while \output is active []


[28 <../Datas/schedule-dates-2.pdf>]
\openout2 = `./resources/main.aux'.

 (./resources/main.tex
<../Datas/images/resource-tommaso-1.png, id=345, 809.27344pt x 781.41937pt>
File: ../Datas/images/resource-tommaso-1.png Graphic file (type png)

<use ../Datas/images/resource-tommaso-1.png>
Package pdftex.def Info: ../Datas/images/resource-tommaso-1.png used on input l
ine 13.
(pdftex.def)             Requested size: 501.87683pt x 484.60617pt.
 [29


]
<../Datas/images/resource-tommaso-2.png, id=351, 800.23969pt x 779.91376pt>
File: ../Datas/images/resource-tommaso-2.png Graphic file (type png)

<use ../Datas/images/resource-tommaso-2.png>
Package pdftex.def Info: ../Datas/images/resource-tommaso-2.png used on input l
ine 21.
(pdftex.def)             Requested size: 501.87683pt x 489.13478pt.
 [30pdfTeX warning (ext4): destination with the same identifier (name{figure.3}
) has been already used, duplicate ignored

\AtBegShi@Output ...ipout \box \AtBeginShipoutBox 
                                                  \fi \fi 
l.25 
      <../Datas/images/resource-tommaso-1.png>]
<../Datas/images/resource-lorenzo-1.png, id=357, 808.52063pt x 853.68938pt>
File: ../Datas/images/resource-lorenzo-1.png Graphic file (type png)

<use ../Datas/images/resource-lorenzo-1.png>
Package pdftex.def Info: ../Datas/images/resource-lorenzo-1.png used on input l
ine 29.
(pdftex.def)             Requested size: 501.87683pt x 529.92024pt.
 [31pdfTeX warning (ext4): destination with the same identifier (name{figure.4}
) has been already used, duplicate ignored

\AtBegShi@Output ...ipout \box \AtBeginShipoutBox 
                                                  \fi \fi 
l.33 
      <../Datas/images/resource-tommaso-2.png>]
Overfull \vbox (3.86421pt too high) has occurred while \output is active []


[32pdfTeX warning (ext4): destination with the same identifier (name{figure.5})
 has been already used, duplicate ignored

\AtBegShi@Output ...ipout \box \AtBeginShipoutBox 
                                                  \fi \fi 
l.33 
      <../Datas/images/resource-lorenzo-1.png>]
<../Datas/images/resource-lorenzo-2.png, id=369, 800.9925pt x 854.44218pt>
File: ../Datas/images/resource-lorenzo-2.png Graphic file (type png)

<use ../Datas/images/resource-lorenzo-2.png>
Package pdftex.def Info: ../Datas/images/resource-lorenzo-2.png used on input l
ine 37.
(pdftex.def)             Requested size: 501.87683pt x 535.38098pt.
)
Overfull \vbox (9.32495pt too high) has occurred while \output is active []


[33pdfTeX warning (ext4): destination with the same identifier (name{figure.6})
 has been already used, duplicate ignored

\AtBegShi@Output ...ipout \box \AtBeginShipoutBox 
                                                  \fi \fi 
l.37 	\include{./resources/main}
                                 <../Datas/images/resource-lorenzo-2.png>]
\openout2 = `./risk/main.aux'.


(./risk/main.tex (./risk/project-risks.tex) (./risk/technical-risks.tex
[34


]
Overfull \hbox (12.2862pt too wide) in paragraph at lines 21--27
[]\T1/cmr/m/n/10 This is an-other un-pre-dictable
 []


Overfull \hbox (7.9553pt too wide) in paragraph at lines 27--33
[]\T1/cmr/m/n/10 Any change to the
 []

) (./risk/business-risks.tex
Overfull \hbox (1.54437pt too wide) in paragraph at lines 10--14
[]\T1/cmr/m/n/10 This prob-lem can be avoided in some mea-
 []


Overfull \hbox (25.2497pt too wide) in paragraph at lines 14--20
[]\T1/cmr/m/n/10 This prob-lem should
 []

[35])
Underfull \vbox (badness 10000) detected at line 54
 []


Overfull \hbox (15.99013pt too wide) in alignment at lines 56--97
 [] [] [] 
 []


Underfull \vbox (badness 10000) detected at line 97
 []


Overfull \hbox (37.12386pt too wide) in alignment at lines 99--122
 [] [] [] 
 []


Underfull \vbox (badness 10000) detected at line 122
 []

) [36]
\openout2 = `./effort/main.aux'.

 (./effort/main.tex) [37


]
Package atveryend Info: Empty hook `BeforeClearDocument' on input line 40.
Package atveryend Info: Empty hook `AfterLastShipout' on input line 40.
 (./PPD.aux (./cover/main.aux)
(./introduction/main.aux) (./estimation/main.aux) (./tasks/main.aux)
(./resources/main.aux) (./risk/main.aux) (./effort/main.aux))
Package atveryend Info: Executing hook `AtVeryEndDocument' on input line 40.
Package atveryend Info: Executing hook `AtEndAfterFileList' on input line 40.
Package rerunfilecheck Info: File `PPD.out' has not changed.
(rerunfilecheck)             Checksum: 19CE39DB57DA74CAA4DB24D824764537;1893.


LaTeX Warning: There were multiply-defined labels.

Package atveryend Info: Empty hook `AtVeryVeryEnd' on input line 40.
 ) 
Here is how much of TeX's memory you used:
 6818 strings out of 493029
 99420 string characters out of 6136233
 203849 words of memory out of 5000000
 10034 multiletter control sequences out of 15000+600000
 12828 words of font info for 28 fonts, out of 8000000 for 9000
 1141 hyphenation exceptions out of 8191
 29i,8n,30p,527b,479s stack positions out of 5000i,500n,10000p,200000b,80000s
{/usr/share/texmf/fonts/enc/dvips/cm-super/cm-super-t1.enc}{/usr/share/texmf/
fonts/enc/dvips/cm-super/cm-super-ts1.enc}</usr/share/texlive/texmf-dist/fonts/
type1/public/amsfonts/cm/cmex10.pfb></usr/share/texlive/texmf-dist/fonts/type1/
public/amsfonts/cm/cmmi10.pfb></usr/share/texlive/texmf-dist/fonts/type1/public
/amsfonts/cm/cmmi7.pfb></usr/share/texlive/texmf-dist/fonts/type1/public/amsfon
ts/cm/cmr10.pfb></usr/share/texlive/texmf-dist/fonts/type1/public/amsfonts/cm/c
mr7.pfb></usr/share/texlive/texmf-dist/fonts/type1/public/amsfonts/cm/cmsy10.pf
b></usr/share/texlive/texmf-dist/fonts/type1/public/amsfonts/cm/cmsy7.pfb></usr
/share/texmf/fonts/type1/public/cm-super/sfbx1000.pfb></usr/share/texmf/fonts/t
ype1/public/cm-super/sfbx1200.pfb></usr/share/texmf/fonts/type1/public/cm-super
/sfbx1440.pfb></usr/share/texmf/fonts/type1/public/cm-super/sfbx1728.pfb></usr/
share/texmf/fonts/type1/public/cm-super/sfbx2488.pfb></usr/share/texmf/fonts/ty
pe1/public/cm-super/sfrm1000.pfb></usr/share/texmf/fonts/type1/public/cm-super/
sfti1000.pfb>
Output written on PPD.pdf (39 pages, 966443 bytes).
PDF statistics:
 474 PDF objects out of 1000 (max. 8388607)
 403 compressed objects within 5 object streams
 120 named destinations out of 1000 (max. 500000)
 270 words of extra memory for PDF output out of 10000 (max. 10000000)

