\BOOKMARK [1][-]{section.1}{INTRODUCTION}{}% 1
\BOOKMARK [2][-]{subsection.1.1}{Purpose}{section.1}% 2
\BOOKMARK [2][-]{subsection.1.2}{Scope}{section.1}% 3
\BOOKMARK [2][-]{subsection.1.3}{Definitions, Acronyms, Abbreviations}{section.1}% 4
\BOOKMARK [2][-]{subsection.1.4}{Reference Documents}{section.1}% 5
\BOOKMARK [2][-]{subsection.1.5}{Document Structure}{section.1}% 6
\BOOKMARK [1][-]{section.2}{ARCHITECTURAL DESIGN}{}% 7
\BOOKMARK [2][-]{subsection.2.1}{Overview}{section.2}% 8
\BOOKMARK [2][-]{subsection.2.2}{High level components and their interaction}{section.2}% 9
\BOOKMARK [2][-]{subsection.2.3}{Component view}{section.2}% 10
\BOOKMARK [2][-]{subsection.2.4}{Deployment view}{section.2}% 11
\BOOKMARK [2][-]{subsection.2.5}{Runtime view}{section.2}% 12
\BOOKMARK [2][-]{subsection.2.6}{Selected architectural styles and patterns}{section.2}% 13
\BOOKMARK [3][-]{subsubsection.2.6.1}{Utility Tree}{subsection.2.6}% 14
\BOOKMARK [2][-]{subsection.2.7}{Other design decisions}{section.2}% 15
\BOOKMARK [1][-]{section.3}{ALGORITHM DESIGN}{}% 16
\BOOKMARK [1][-]{section.4}{USER INTERFACE DESIGN}{}% 17
\BOOKMARK [1][-]{section.5}{REQUIREMENTS TRACEABILITY}{}% 18
\BOOKMARK [1][-]{section.6}{EFFORT SPENT}{}% 19
\BOOKMARK [1][-]{section.7}{REFERENCES}{}% 20
